[debug] [2018-06-17T12:57:21.991Z] ----------------------------------------------------------------------
[debug] [2018-06-17T12:57:21.994Z] Command:       C:\Program Files\nodejs\node.exe C:\Users\atozjames\AppData\Roaming\npm\node_modules\firebase-tools\bin\firebase serve
[debug] [2018-06-17T12:57:21.994Z] CLI Version:   3.18.6
[debug] [2018-06-17T12:57:21.994Z] Platform:      win32
[debug] [2018-06-17T12:57:21.994Z] Node Version:  v8.11.2
[debug] [2018-06-17T12:57:21.995Z] Time:          Sun Jun 17 2018 21:57:21 GMT+0900 (대한민국 표준시)
[debug] [2018-06-17T12:57:21.995Z] ----------------------------------------------------------------------
[debug] 
[debug] [2018-06-17T12:57:22.004Z] > command requires scopes: ["email","openid","https://www.googleapis.com/auth/cloudplatformprojects.readonly","https://www.googleapis.com/auth/firebase","https://www.googleapis.com/auth/cloud-platform"]
[debug] [2018-06-17T12:57:22.005Z] > authorizing via signed-in user
[debug] [2018-06-17T12:57:22.006Z] > refreshing access token with scopes: ["email","https://www.googleapis.com/auth/cloud-platform","https://www.googleapis.com/auth/cloudplatformprojects.readonly","https://www.googleapis.com/auth/firebase","openid"]
[debug] [2018-06-17T12:57:22.007Z] >>> HTTP REQUEST POST https://www.googleapis.com/oauth2/v3/token  
 { refresh_token: '1/yOHgHv97vP-rFkm15GkfkV5LQoAdePU3k3Q-wDng6GYyO6XdawxlHfIEPzq4uAgi',
  client_id: '563584335869-fgrhgmd47bqnekij5i8b5pr03ho849e6.apps.googleusercontent.com',
  client_secret: 'j9iVZfS8kkCEFUPaAeJV0sAi',
  grant_type: 'refresh_token',
  scope: 'email https://www.googleapis.com/auth/cloud-platform https://www.googleapis.com/auth/cloudplatformprojects.readonly https://www.googleapis.com/auth/firebase openid' } 
 Sun Jun 17 2018 21:57:22 GMT+0900 (대한민국 표준시)
[debug] [2018-06-17T12:57:22.437Z] <<< HTTP RESPONSE 200
[debug] [2018-06-17T12:57:22.446Z] >>> HTTP REQUEST GET https://admin.firebase.com/v1/projects/memowebapp-6b71b  
  
 Sun Jun 17 2018 21:57:22 GMT+0900 (대한민국 표준시)
[debug] [2018-06-17T12:57:23.437Z] <<< HTTP RESPONSE 200
[debug] [2018-06-17T12:57:23.438Z] >>> HTTP REQUEST GET https://admin.firebase.com/v1/database/memowebapp-6b71b/tokens  
  
 Sun Jun 17 2018 21:57:23 GMT+0900 (대한민국 표준시)
[debug] [2018-06-17T12:57:24.186Z] <<< HTTP RESPONSE 200
[debug] [2018-06-17T12:57:24.187Z] >>> HTTP REQUEST GET https://cloudresourcemanager.googleapis.com/v1/projects/memowebapp-6b71b  
  
 Sun Jun 17 2018 21:57:24 GMT+0900 (대한민국 표준시)
[debug] [2018-06-17T12:57:25.290Z] <<< HTTP RESPONSE 200
[info] 
[info] === Serving from 'D:\FireBase\project\memowebapp'...
[info] 
[info] i  functions: Preparing to emulate functions.
[debug] [2018-06-17T12:57:28.522Z] Fetching environment
[debug] [2018-06-17T12:57:28.525Z] >>> HTTP REQUEST GET https://mobilesdk-pa.googleapis.com/v1/projects/291380243618:getServerAppConfig  
  
 Sun Jun 17 2018 21:57:28 GMT+0900 (대한민국 표준시)
[debug] [2018-06-17T12:57:28.525Z] >>> HTTP REQUEST GET https://mobilesdk-pa.googleapis.com/v1/projects/291380243618/clients/_:getWebAppConfig  
  
 Sun Jun 17 2018 21:57:28 GMT+0900 (대한민국 표준시)
[debug] [2018-06-17T12:57:29.527Z] <<< HTTP RESPONSE 200
[debug] [2018-06-17T12:57:29.528Z] Starting @google-cloud/functions-emulator
[debug] [2018-06-17T12:57:29.644Z] <<< HTTP RESPONSE 200
[info] i  hosting: Serving hosting files from: public
[info] +  hosting: Local server: http://localhost:5000

[debug] [2018-06-17T12:57:32.072Z] Parsing function triggers
[info] i  functions: No HTTPS functions found. Use firebase functions:shell if you would like to emulate other types of functions.
